<?xml version="1.0" encoding="UTF-8"?>
<!-- Generated by org.testng.reporters.JUnitXMLReporter -->
<testsuite ignored="2" hostname="DESKTOP-HIN4ESK" failures="2" tests="13" name="Test" time="51.255" errors="0" timestamp="2024-08-26T19:52:14 IST">
  <testcase classname="Tests.formfilling_Tests" name="afterformfill" time="4.66"/>
  <testcase classname="Tests.formfilling_Tests" name="afterformfill" time="4.062"/>
  <testcase classname="Tests.formfilling_Tests" name="afterformfill" time="3.469"/>
  <testcase classname="Tests.formfilling_Tests" name="afterformfill" time="4.17"/>
  <testcase classname="Tests.formfilling_Tests" name="afterformfill" time="3.466"/>
  <testcase classname="Tests.formfilling_Tests" name="afterformfill" time="3.458"/>
  <testcase classname="Tests.formfilling_Tests" name="afterformfill" time="3.431"/>
  <testcase classname="Tests.formfilling_Tests" name="afterformfill" time="3.446"/>
  <testcase classname="Tests.formfilling_Tests" name="afterformfill" time="3.438"/>
  <testcase classname="Tests.formfilling_Tests" name="afterformfill" time="3.429"/>
  <testcase classname="Tests.formfilling_Tests" name="edit" time="13.173"/>
  <testcase classname="Tests.Edittest" name="edit" time="0.004">
    <failure type="java.lang.NullPointerException" message="Cannot invoke &amp;quot;org.openqa.selenium.SearchContext.findElement(org.openqa.selenium.By)&amp;quot; because &amp;quot;this.searchContext&amp;quot; is null">
      <![CDATA[java.lang.NullPointerException: Cannot invoke "org.openqa.selenium.SearchContext.findElement(org.openqa.selenium.By)" because "this.searchContext" is null
at org.openqa.selenium.support.pagefactory.DefaultElementLocator.findElement(DefaultElementLocator.java:68)
at org.openqa.selenium.support.pagefactory.internal.LocatingElementHandler.invoke(LocatingElementHandler.java:38)
at jdk.proxy2/jdk.proxy2.$Proxy18.isDisplayed(Unknown Source)
at org.openqa.selenium.support.ui.ExpectedConditions.elementIfVisible(ExpectedConditions.java:304)
at org.openqa.selenium.support.ui.ExpectedConditions$10.apply(ExpectedConditions.java:290)
at org.openqa.selenium.support.ui.ExpectedConditions$10.apply(ExpectedConditions.java:287)
at org.openqa.selenium.support.ui.ExpectedConditions$23.apply(ExpectedConditions.java:656)
at org.openqa.selenium.support.ui.ExpectedConditions$23.apply(ExpectedConditions.java:652)
at org.openqa.selenium.support.ui.FluentWait.until(FluentWait.java:203)
at Pages.Editpage.namechange(Editpage.java:40)
at Tests.Edittest.edit(Edittest.java:11)
at java.base/java.util.ArrayList.forEach(ArrayList.java:1597)
... Removed 25 stack frames]]>
    </failure>
  </testcase> <!-- edit -->
  <testcase classname="Tests.Edittest" name="edit" time="0.023">
    <failure type="java.lang.IllegalArgumentException" message="ScreenCapture path must not be null or empty">
      <![CDATA[java.lang.IllegalArgumentException: ScreenCapture path must not be null or empty
at com.aventstack.extentreports.util.Assert.notEmpty(Assert.java:12)
at com.aventstack.extentreports.ExtentTest.addScreenCaptureFromPath(ExtentTest.java:1100)
at utility.listener.onTestFailure(listener.java:41)
at java.base/java.util.ArrayList.forEach(ArrayList.java:1597)
... Removed 24 stack frames]]>
    </failure>
  </testcase> <!-- edit -->
  <testcase classname="basemethod.basemethod" name="@BeforeSuite beforemethod1" time="0.0">
    <ignored/>
  </testcase> <!-- @BeforeSuite beforemethod1 -->
  <testcase classname="Tests.formfilling_Tests" name="@BeforeTest beforetest1" time="0.0">
    <ignored/>
  </testcase> <!-- @BeforeTest beforetest1 -->
</testsuite> <!-- Test -->
